0 info it worked if it ends with ok
1 verbose cli [ '/usr/local/bin/node', '/usr/local/bin/npm', 'run', 'compile' ]
2 info using npm@3.6.0
3 info using node@v5.6.0
4 verbose run-script [ 'precompile', 'compile', 'postcompile' ]
5 info lifecycle my-project@1.0.0~precompile: my-project@1.0.0
6 silly lifecycle my-project@1.0.0~precompile: no script for precompile, continuing
7 info lifecycle my-project@1.0.0~compile: my-project@1.0.0
8 verbose lifecycle my-project@1.0.0~compile: unsafe-perm in lifecycle true
9 verbose lifecycle my-project@1.0.0~compile: PATH: /usr/local/lib/node_modules/npm/bin/node-gyp-bin:/Users/moe/Documents/Proyectos/react-challenge/week2/my-project/node_modules/.bin:/Users/moe/.rvm/gems/ruby-2.4.0/bin:/Users/moe/.rvm/gems/ruby-2.4.0@global/bin:/Users/moe/.rvm/rubies/ruby-2.4.0/bin:/Users/moe/.rbenv/shims:/usr/local/bin:/usr/bin:/bin:/usr/sbin:/sbin:/opt/X11/bin:/Library/Frameworks/Mono.framework/Versions/Current/Commands:/Applications/Wireshark.app/Contents/MacOS:/usr/local/git/bin:/Users/moe/.rvm/gems/ruby-2.4.0/bin:/Users/moe/.rvm/gems/ruby-2.4.0@global/bin:/Users/moe/.rvm/rubies/ruby-2.4.0/bin:/Users/moe/.sdkman/candidates/groovy/current/bin:/Users/moe/.sdkman/candidates/grails/current/bin:/Users/moe/.rbenv/shims:/Users/moe/Documents/Rene/Java/apache-maven-3.5.0/bin:/Users/moe/Documents/Java/apache-ant-1.9.2/bin:/Users/moe/Documents/Java/gradle-1.10/bin:/Library/Java/JavaVirtualMachines/jdk1.8.0_66.jdk/Contents/Home//bin:/usr/local/bin/node:/usr/local/bin/npm:/Users/moe/Library/Android/sdk/bin/:/Users/moe/Library/Android/sdk/tools/:/Users/moe/Library/Android/sdk/platform-tools/:/Users/moe/.rvm/bin:/Users/moe/Documents/Rene/Java/apache-maven-3.5.0/bin:/Users/moe/Documents/Java/apache-ant-1.9.2/bin:/Users/moe/Documents/Java/gradle-1.10/bin:/Library/Java/JavaVirtualMachines/jdk1.8.0_66.jdk/Contents/Home//bin:/usr/local/bin/node:/usr/local/bin/npm:/Users/moe/Library/Android/sdk/bin/:/Users/moe/Library/Android/sdk/tools/:/Users/moe/Library/Android/sdk/platform-tools/
10 verbose lifecycle my-project@1.0.0~compile: CWD: /Users/moe/Documents/Proyectos/react-challenge/week2/my-project
11 silly lifecycle my-project@1.0.0~compile: Args: [ '-c', 'webpack' ]
12 silly lifecycle my-project@1.0.0~compile: Returned: code: 1  signal: null
13 info lifecycle my-project@1.0.0~compile: Failed to exec compile script
14 verbose stack Error: my-project@1.0.0 compile: `webpack`
14 verbose stack Exit status 1
14 verbose stack     at EventEmitter.<anonymous> (/usr/local/lib/node_modules/npm/lib/utils/lifecycle.js:232:16)
14 verbose stack     at emitTwo (events.js:100:13)
14 verbose stack     at EventEmitter.emit (events.js:185:7)
14 verbose stack     at ChildProcess.<anonymous> (/usr/local/lib/node_modules/npm/lib/utils/spawn.js:24:14)
14 verbose stack     at emitTwo (events.js:100:13)
14 verbose stack     at ChildProcess.emit (events.js:185:7)
14 verbose stack     at maybeClose (internal/child_process.js:827:16)
14 verbose stack     at Process.ChildProcess._handle.onexit (internal/child_process.js:211:5)
15 verbose pkgid my-project@1.0.0
16 verbose cwd /Users/moe/Documents/Proyectos/react-challenge/week2/my-project
17 error Darwin 17.2.0
18 error argv "/usr/local/bin/node" "/usr/local/bin/npm" "run" "compile"
19 error node v5.6.0
20 error npm  v3.6.0
21 error code ELIFECYCLE
22 error my-project@1.0.0 compile: `webpack`
22 error Exit status 1
23 error Failed at the my-project@1.0.0 compile script 'webpack'.
23 error Make sure you have the latest version of node.js and npm installed.
23 error If you do, this is most likely a problem with the my-project package,
23 error not with npm itself.
23 error Tell the author that this fails on your system:
23 error     webpack
23 error You can get information on how to open an issue for this project with:
23 error     npm bugs my-project
23 error Or if that isn't available, you can get their info via:
23 error     npm owner ls my-project
23 error There is likely additional logging output above.
24 verbose exit [ 1, true ]
